--------- beginning of main
03-19 22:46:31.302 D/DiningRoom(16909): DiningRoom update
03-19 22:46:32.259 D/AndroidRuntime( 3639): >>>>>> START com.android.internal.os.RuntimeInit uid 2000 <<<<<<
03-19 22:46:32.264 D/AndroidRuntime( 3639): CheckJNI is OFF
03-19 22:46:32.305 D/ICU     ( 3639): No timezone override file found: /data/misc/zoneinfo/current/icu/icu_tzdata.dat
03-19 22:46:32.357 E/dex2oat ( 3659): Failed to create oat file: /data/dalvik-cache/arm/sdcard@monkey.jar@classes.dex: Permission denied
03-19 22:46:32.357 I/dex2oat ( 3659): dex2oat took 741.302us (threads: 4) 
03-19 22:46:32.361 W/art     ( 3639): Failed execv(/system/bin/dex2oat --runtime-arg -classpath --runtime-arg /sdcard/monkey.jar:/sdcard/framework.jar --instruction-set=arm --instruction-set-features=smp,div,atomic_ldrd_strd --runtime-arg -Xrelocate --boot-image=/system/framework/boot.art --runtime-arg -Xms64m --runtime-arg -Xmx512m --instruction-set-variant=krait --instruction-set-features=default --dex-file=/sdcard/monkey.jar --oat-file=/data/dalvik-cache/arm/sdcard@monkey.jar@classes.dex) because non-0 exit status
03-19 22:46:32.410 E/dex2oat ( 3661): Failed to create oat file: /data/dalvik-cache/arm/sdcard@framework.jar@classes.dex: Permission denied
03-19 22:46:32.410 I/dex2oat ( 3661): dex2oat took 618.021us (threads: 4) 
03-19 22:46:32.415 W/art     ( 3639): Failed execv(/system/bin/dex2oat --runtime-arg -classpath --runtime-arg /sdcard/monkey.jar:/sdcard/framework.jar --instruction-set=arm --instruction-set-features=smp,div,atomic_ldrd_strd --runtime-arg -Xrelocate --boot-image=/system/framework/boot.art --runtime-arg -Xms64m --runtime-arg -Xmx512m --instruction-set-variant=krait --instruction-set-features=default --dex-file=/sdcard/framework.jar --oat-file=/data/dalvik-cache/arm/sdcard@framework.jar@classes.dex) because non-0 exit status
03-19 22:46:32.505 I/Radio-JNI( 3639): register_android_hardware_Radio DONE
03-19 22:46:32.526 D/AndroidRuntime( 3639): Calling main entry tv.panda.test.monkey.Monkey
03-19 22:46:32.614 E/System  ( 3639): Unable to open zip file: /sdcard/framework.jar
03-19 22:46:32.615 E/System  ( 3639): java.util.zip.ZipException: Not a zip archive
03-19 22:46:32.615 E/System  ( 3639): 	at java.util.zip.ZipFile.readCentralDir(ZipFile.java:397)
03-19 22:46:32.615 E/System  ( 3639): 	at java.util.zip.ZipFile.<init>(ZipFile.java:175)
03-19 22:46:32.615 E/System  ( 3639): 	at java.util.zip.ZipFile.<init>(ZipFile.java:131)
03-19 22:46:32.615 E/System  ( 3639): 	at dalvik.system.DexPathList$Element.maybeInit(DexPathList.java:452)
03-19 22:46:32.615 E/System  ( 3639): 	at dalvik.system.DexPathList$Element.findResource(DexPathList.java:499)
03-19 22:46:32.615 E/System  ( 3639): 	at dalvik.system.DexPathList.findResources(DexPathList.java:378)
03-19 22:46:32.615 E/System  ( 3639): 	at dalvik.system.BaseDexClassLoader.findResources(BaseDexClassLoader.java:72)
03-19 22:46:32.615 E/System  ( 3639): 	at java.lang.ClassLoader.getResources(ClassLoader.java:425)
03-19 22:46:32.615 E/System  ( 3639): 	at javax.xml.xpath.XPathFactoryFinder.createServiceFileIterator(XPathFactoryFinder.java:332)
03-19 22:46:32.615 E/System  ( 3639): 	at javax.xml.xpath.XPathFactoryFinder._newFactory(XPathFactoryFinder.java:200)
03-19 22:46:32.615 E/System  ( 3639): 	at javax.xml.xpath.XPathFactoryFinder.newFactory(XPathFactoryFinder.java:147)
03-19 22:46:32.615 E/System  ( 3639): 	at javax.xml.xpath.XPathFactory.newInstance(XPathFactory.java:148)
03-19 22:46:32.615 E/System  ( 3639): 	at javax.xml.xpath.XPathFactory.newInstance(XPathFactory.java:69)
03-19 22:46:32.615 E/System  ( 3639): 	at tv.panda.test.monkey.ape.model.XPathBuilder.<init>(XPathBuilder.kt:8)
03-19 22:46:32.615 E/System  ( 3639): 	at tv.panda.test.monkey.ape.model.XPathBuilder.<clinit>(XPathBuilder.kt:7)
03-19 22:46:32.615 E/System  ( 3639): 	at tv.panda.test.monkey.ape.model.BlackWidgetReader.build(BlackWidgetReader.kt:21)
03-19 22:46:32.615 E/System  ( 3639): 	at tv.panda.test.monkey.ape.model.BlackWidgetReader.read(BlackWidgetReader.kt:65)
03-19 22:46:32.615 E/System  ( 3639): 	at tv.panda.test.monkey.ape.model.BlackWidgetController.<clinit>(BlackWidgetController.kt:30)
03-19 22:46:32.615 E/System  ( 3639): 	at tv.panda.test.monkey.Monkey.<init>(Monkey.kt:100)
03-19 22:46:32.615 E/System  ( 3639): 	at tv.panda.test.monkey.Monkey$Companion.main(Monkey.kt:1164)
03-19 22:46:32.615 E/System  ( 3639): 	at tv.panda.test.monkey.Monkey.main(Monkey.kt)
03-19 22:46:32.615 E/System  ( 3639): 	at com.android.internal.os.RuntimeInit.nativeFinishInit(Native Method)
03-19 22:46:32.615 E/System  ( 3639): 	at com.android.internal.os.RuntimeInit.main(RuntimeInit.java:251)
03-19 22:46:33.302 D/DiningRoom(16909): DiningRoom update
--------- beginning of system
03-19 22:46:33.915 W/BroadcastQueue(17992): Skipping deliver [background] BroadcastRecord{aa922fc u-1 android.net.conn.CONNECTIVITY_CHANGE} to ReceiverList{d94dd85 3639 (unknown name)/2000/u-1 remote:93cecce}: process crashing
03-19 22:46:33.933 I/art     ( 3639): System.exit called, status: -4
03-19 22:46:33.933 I/AndroidRuntime( 3639): VM exiting with result code -4.
03-19 22:46:34.310 D/RongLog ( 8592): [ WakeLockUtils ] startNextHeartbeat com.cmcm.live
03-19 22:46:34.566 V/default_launcher(16909): checking defaut launcher....
03-19 22:46:35.301 D/DiningRoom(16909): DiningRoom update
03-19 22:46:37.302 D/DiningRoom(16909): DiningRoom update
03-19 22:46:39.162 D/ConnectivityService(17992): updateNetworkScore for NetworkAgentInfo [WIFI () - 101] to 56
03-19 22:46:39.302 D/DiningRoom(16909): DiningRoom update
03-19 22:46:41.302 D/DiningRoom(16909): DiningRoom update
