--------- beginning of system
04-22 19:12:39.839 E/BatteryStatsService(  770): no controller energy info supplied
04-22 19:12:39.839 E/BatteryStatsService(  770): no controller energy info supplied
04-22 19:13:43.319 I/ActivityManager(  770): Start proc 20003:com.google.android.partnersetup/u0a26 for service com.google.android.partnersetup/.InstalledAppJobService
--------- beginning of main
04-22 19:14:52.446 I/Babel_ConcService(19859): Unbinding ConcurrentService
04-22 19:14:52.454 W/Babel_ConcService(19859): ***************************************************************************
04-22 19:14:52.456 W/Babel_ConcService(19859): Stopping ConcurrentService while there are 2 tasks still pending
04-22 19:14:52.456 W/Babel_ConcService(19859): ***************************************************************************
04-22 19:14:54.894 I/STFBatteryMonitor( 8572): Battery is full (good health); connected via usb; level at 100/100; temp 33.2C@4.295V
04-22 19:15:40.696 I/STFBatteryMonitor( 8572): Battery is full (good health); connected via usb; level at 100/100; temp 33.2C@4.295V
04-22 19:15:47.504 D/AndroidRuntime(20058): >>>>>> START com.android.internal.os.RuntimeInit uid 2000 <<<<<<
04-22 19:15:47.664 D/AndroidRuntime(20058): Calling main entry com.android.commands.pm.Pm
04-22 19:15:47.689 I/app_process(20058): System.exit called, status: 0
04-22 19:15:47.689 I/AndroidRuntime(20058): VM exiting with result code 0.
04-22 19:15:47.696 W/MessageQueue(20058): Handler (android.os.Handler) {6d58a32} sending message to a Handler on a dead thread
04-22 19:15:47.696 W/MessageQueue(20058): java.lang.IllegalStateException: Handler (android.os.Handler) {6d58a32} sending message to a Handler on a dead thread
04-22 19:15:47.696 W/MessageQueue(20058): 	at android.os.MessageQueue.enqueueMessage(MessageQueue.java:545)
04-22 19:15:47.696 W/MessageQueue(20058): 	at android.os.Handler.enqueueMessage(Handler.java:661)
04-22 19:15:47.696 W/MessageQueue(20058): 	at android.os.Handler.sendMessageAtTime(Handler.java:630)
04-22 19:15:47.696 W/MessageQueue(20058): 	at android.os.Handler.sendMessageDelayed(Handler.java:600)
04-22 19:15:47.696 W/MessageQueue(20058): 	at android.os.Handler.post(Handler.java:356)
04-22 19:15:47.696 W/MessageQueue(20058): 	at android.os.ResultReceiver$MyResultReceiver.send(ResultReceiver.java:57)
04-22 19:15:47.696 W/MessageQueue(20058): 	at com.android.internal.os.IResultReceiver$Stub.onTransact(IResultReceiver.java:58)
04-22 19:15:47.696 W/MessageQueue(20058): 	at android.os.Binder.execTransact(Binder.java:674)
read: unexpected EOF!
