            ..                    ..:.
           ..t..     Maxim      .h..
            ..i..  . ....... .  ..si
              sandroidmonkeystreste
              .sttoolMaxim.thistool.
           .helpyoutofoundappcrash.thi
         ..stooluserandomordfsalgorithm:.
        .smonkeyMaxim machine gunmonkey..
      ..monkey,..,monkeymonkeym,..,onkeym.
      .onkeymon..keymon.keymonke..ymonkeym.
      ,onkeymonkeymonkeymonkeymonkeymon.key.
     .monkeymonkeymonkeymonkeymonkeymonkeym.
     .onkeymonkeymonkeythxforphdguxiaotian.:
     .anythingUcancontactpanda_zzaqq77227005
      .                                   . 
                                            
      .                                   . 
                                            
[Maxim] // Monkey: seed=1524632452536 count=1000



[Maxim] // Selecting main activities from category android.intent.category.LAUNCHER
[Maxim] // - Not Using main activity com.google.android.apps.chrome.Main (from package com.android.chrome
[Maxim] // - Not Using main activity com.android.settings.Settings (from package com.android.settings
[Maxim] // - Not Using main activity com.android.vending.AssetBrowserActivity (from package com.android.vending
[Maxim] // - Not Using main activity com.android.camera.CameraLauncher (from package com.google.android.GoogleCamera
[Maxim] // - Not Using main activity com.google.android.apps.docs.app.NewMainProxyActivity (from package com.google.android.apps.docs
[Maxim] // - Not Using main activity com.google.android.maps.MapsActivity (from package com.google.android.apps.maps
[Maxim] // - Not Using main activity com.google.android.apps.messaging.ui.ConversationListActivity (from package com.google.android.apps.messaging
[Maxim] // - Not Using main activity com.google.android.apps.photos.home.HomeActivity (from package com.google.android.apps.photos
[Maxim] // - Not Using main activity com.google.commerce.tapandpay.android.growth.migration.OldLauncherActivity (from package com.google.android.apps.walletnfcrel
[Maxim] // - Not Using main activity com.google.commerce.tapandpay.android.cardlist.CardListActivity (from package com.google.android.apps.walletnfcrel
[Maxim] // - Not Using main activity com.android.calendar.AllInOneActivity (from package com.google.android.calendar
[Maxim] // - Not Using main activity com.android.contacts.activities.PeopleActivity (from package com.google.android.contacts
[Maxim] // - Not Using main activity com.android.deskclock.DeskClock (from package com.google.android.deskclock
[Maxim] // - Not Using main activity com.google.android.dialer.extensions.GoogleDialtactsActivity (from package com.google.android.dialer
[Maxim] // - Not Using main activity com.google.android.gm.ConversationListActivityGmail (from package com.google.android.gm
[Maxim] // - Not Using main activity com.google.android.launcher.StubApp (from package com.google.android.launcher
[Maxim] // - Not Using main activity com.android.music.activitymanagement.TopLevelActivity (from package com.google.android.music
[Maxim] // - Not Using main activity com.google.android.talk.SigningInActivity (from package com.google.android.talk
[Maxim] // - Not Using main activity com.google.android.youtube.videos.EntryPoint (from package com.google.android.videos
[Maxim] // - Not Using main activity com.google.android.youtube.app.honeycomb.Shell$HomeActivity (from package com.google.android.youtube
[Maxim] // - Not Using main activity com.android.documentsui.LauncherActivity (from package com.android.documentsui
[Maxim] // - Not Using main activity com.android.calculator2.Calculator (from package com.google.android.calculator
[Maxim] // - Not Using main activity com.google.android.googlequicksearchbox.VoiceSearchActivity (from package com.google.android.googlequicksearchbox
[Maxim] // - Not Using main activity com.google.android.googlequicksearchbox.SearchActivity (from package com.google.android.googlequicksearchbox
[Maxim] // - Not Using main activity com.google.android.gms.games.ui.destination.main.MainActivity (from package com.google.android.play.games
[Maxim] // + Using main activity com.keniu.security.main.MainActivity (from package com.cleanmaster.mguard)
[Maxim] // - Not Using main activity com.google.android.apps.plus.phone.HomeActivity (from package com.google.android.apps.plus
[Maxim] // - Not Using main activity com.ntflc.wifimanager.MainActivity (from package com.ntflc.wifimanager
[Maxim] // - Not Using main activity org.thisisafactory.simiasque.MyActivity_ (from package org.thisisafactory.simiasque
[Maxim] // Selecting main activities from category android.intent.category.MONKEY
[Maxim] // - Not Using main activity com.android.settings.Settings$RunningServicesActivity (from package com.android.settings
[Maxim] // - Not Using main activity com.android.settings.Settings$StorageUseActivity (from package com.android.settings
[Maxim] // - Not Using main activity com.google.android.launcher.GEL (from package com.google.android.googlequicksearchbox
[Maxim] // - Not Using main activity com.google.android.launcher.StubApp (from package com.google.android.launcher
[Maxim] // - Not Using main activity com.google.android.googlequicksearchbox.SearchActivity (from package com.google.android.googlequicksearchbox
[Maxim] // AllowPackage: com.cleanmaster.mguard
[Maxim] // IncludeCategory: android.intent.category.LAUNCHER
[Maxim] // IncludeCategory: android.intent.category.MONKEY
[Maxim] // Special Event: 
[Maxim] // Black Widget List: 
[Maxim]   // Widget1:
[Maxim]     // XPath: //*[@resource-id='com.cmcm.live:id/view_sticker']/0
[Maxim]     // XPathExpression: org.apache.xpath.jaxp.XPathExpressionImpl@f0ae167
[Maxim]     // Activity: com.cmcm.cmlive.activity.ShortVideoRecorderActivity
[Maxim]   // Widget2:
[Maxim]     // XPath: //*[@resource-id='com.cmcm.live:id/layout_sticker']/0
[Maxim]     // XPathExpression: org.apache.xpath.jaxp.XPathExpressionImpl@4f98b14
[Maxim]     // Activity: com.cmcm.cmlive.activity.ShortVideoRecorderActivity
[Maxim]   // Widget3:
[Maxim]     // XPath: //*[@resource-id='com.cmcm.live:id/iv_image_item'and @class='android.widget.ImageView']/0
[Maxim]     // XPathExpression: org.apache.xpath.jaxp.XPathExpressionImpl@c187fbd
[Maxim]     // Activity: com.cmcm.user.AnchorAct
[Maxim] // InputMethod ID: InputMethodInfo{com.google.android.inputmethod.pinyin/.PinyinIME, settings: com.google.android.apps.inputmethod.pinyin.preference.SettingsActivity}.id
[Maxim] // InputMethod ID: InputMethodInfo{com.google.android.googlequicksearchbox/com.google.android.voicesearch.ime.VoiceInputMethodService, settings: com.google.android.apps.gsa.settingsui.VoiceSearchPreferences}.id
[Maxim] // InputMethod ID: InputMethodInfo{com.google.android.inputmethod.latin/com.android.inputmethod.latin.LatinIME, settings: com.google.android.apps.inputmethod.latin.preference.SettingsActivity}.id
[Maxim] // Device Info: LGE-Nexus 5X, Android Version: 8.0.0
[Maxim] strategy : uiautomator-Mix.



// Event percentages:
//   0: 15.0%
//   1: 10.0%
//   2: 2.0%
//   3: 15.0%
//   4: -0.0%
//   5: -0.0%
//   6: 25.0%
//   7: 15.0%
//   8: 2.0%
//   9: 2.0%
//   10: 1.0%
//   11: 13.0%
[Maxim] UIAutomator percentages: 0.7  
[Maxim] // : debug, currentActivity is com.keniu.security.main.MainActivity
[Maxim] // event0, 2018-04-22 19:16:35.675 
[Maxim] // Switch: #Intent;action=android.intent.action.MAIN;category=android.intent.category.LAUNCHER;launchFlags=0x10200000;component=com.cleanmaster.mguard/com.keniu.security.main.MainActivity;end 
[Maxim] // Allowing start of Intent { act=android.intent.action.MAIN cat=[android.intent.category.LAUNCHER] cmp=com.cleanmaster.mguard/com.keniu.security.main.MainActivity } in package com.cleanmaster.mguard
[Maxim] // event1, 2018-04-22 19:16:35.696 
[Maxim] // Sleeping for 700 milliseconds
[Maxim] // event1, 2018-04-22 19:16:36.400 
[Maxim] // Sleeping for 10000 milliseconds
[Maxim] // event1, 2018-04-22 19:16:46.405 
[Maxim] // Sleeping for 700 milliseconds
[Maxim] RANDOM NUMBER mix= 0.9072993
[Maxim] RANDOM NUMBER other= 0.22659975
[Maxim] random hit motion 
[Maxim] // debug, in pointer event: mBlackWidgets is {}
[Maxim] start fix 2018-04-22 19:16:47.112 
[Maxim]   // PointF(971.0, 1654.0)
[Maxim] over fix event 2018-04-22 19:16:47.113 
[Maxim] // event1, 2018-04-22 19:16:47.119 
[Maxim] :Sending Touch (ACTION_DOWN): 0:(971.0,1654.0) 
[Maxim] // event2, 2018-04-22 19:16:47.127 
[Maxim] :Sending Touch (ACTION_MOVE): 0:(973.2685,1658.6615) 
[Maxim] // event3, 2018-04-22 19:16:47.132 
[Maxim] :Sending Touch (ACTION_MOVE): 0:(974.7811,1664.0507) 
[Maxim] // event4, 2018-04-22 19:16:47.135 
[Maxim] :Sending Touch (ACTION_MOVE): 0:(976.6097,1665.7152) 
[Maxim] // event5, 2018-04-22 19:16:47.139 
[Maxim] :Sending Touch (ACTION_MOVE): 0:(979.05396,1666.522) 
[Maxim] // event6, 2018-04-22 19:16:47.142 
[Maxim] :Sending Touch (ACTION_MOVE): 0:(980.2864,1666.7921) 
[Maxim] // event7, 2018-04-22 19:16:47.145 
[Maxim] :Sending Touch (ACTION_MOVE): 0:(983.4885,1668.0326) 
[Maxim] // event8, 2018-04-22 19:16:47.148 
[Maxim] :Sending Touch (ACTION_MOVE): 0:(985.457,1669.3102) 
[Maxim] // event9, 2018-04-22 19:16:47.151 
[Maxim] :Sending Touch (ACTION_MOVE): 0:(987.1933,1671.2308) 
[Maxim] // event10, 2018-04-22 19:16:47.154 
[Maxim] :Sending Touch (ACTION_UP): 0:(988.6172,1674.4569) 
[Maxim] // event11, 2018-04-22 19:16:47.156 
[Maxim] // Sleeping for 700 milliseconds
[Maxim] RANDOM NUMBER mix= 0.35601312
[Maxim] random hit mix 
[Maxim] //  node:  id=com.cleanmaster.mguard:id/c73, class=android.widget.RelativeLayout, bounds=Rect(933, 63 - 1080, 189), isClickable=true
[Maxim] //  node:  id=com.cleanmaster.mguard:id/e47, class=android.view.View, bounds=Rect(121, 189 - 614, 682), isClickable=true
[Maxim] //  node:  id=com.cleanmaster.mguard:id/e47, class=android.view.View, bounds=Rect(708, 352 - 984, 698), isClickable=true
[Maxim] //  node:  id=com.cleanmaster.mguard:id/c7h, class=android.widget.TextView, bounds=Rect(16, 779 - 540, 1086), isClickable=true
[Maxim] //  node:  id=com.cleanmaster.mguard:id/c70, class=android.widget.TextView, bounds=Rect(540, 779 - 1064, 1086), isClickable=true
[Maxim] //  node:  id=null, class=android.widget.TextView, bounds=Rect(16, 1086 - 540, 1393), isClickable=true
[Maxim] //  node:  id=null, class=android.widget.TextView, bounds=Rect(540, 1086 - 1064, 1393), isClickable=true
[Maxim] //  node:  id=null, class=android.widget.RelativeLayout, bounds=Rect(0, 1418 - 1080, 1519), isClickable=true
[Maxim] //  node:  id=com.cleanmaster.mguard:id/c79, class=android.widget.RelativeLayout, bounds=Rect(0, 1418 - 1080, 1519), isClickable=true
[Maxim] //  node:  id=null, class=android.widget.RelativeLayout, bounds=Rect(0, 1518 - 1080, 1668), isClickable=true
[Maxim] //  node:  id=com.cleanmaster.mguard:id/c79, class=android.widget.RelativeLayout, bounds=Rect(0, 1518 - 1080, 1668), isClickable=true
[Maxim] //  node:  id=com.cleanmaster.mguard:id/c9u, class=android.widget.RelativeLayout, bounds=Rect(0, 1668 - 360, 1794), isClickable=true
[Maxim] //  node:  id=com.cleanmaster.mguard:id/b_n, class=android.widget.RelativeLayout, bounds=Rect(360, 1668 - 720, 1794), isClickable=true
[Maxim] //  node:  id=com.cleanmaster.mguard:id/c9w, class=android.widget.RelativeLayout, bounds=Rect(720, 1668 - 1080, 1794), isClickable=true
[Maxim] // debug, clickable size is 14
[Maxim]  // Click: com.cleanmaster.mguard:id/c73, android.widget.RelativeLayout, Rect(933, 63 - 1080, 189)
[Maxim] // event11, 2018-04-22 19:16:48.013 
[Maxim] :Sending Touch (ACTION_DOWN): 0:(1006.5,126.0) 
[Maxim] // event12, 2018-04-22 19:16:48.020 
[Maxim] :Sending Touch (ACTION_UP): 0:(1006.5,126.0) 
[Maxim] // event13, 2018-04-22 19:16:48.022 
[Maxim] // Sleeping for 700 milliseconds
[Maxim] // Allowing start of Intent { cmp=com.cleanmaster.mguard/com.cleanmaster.applocklib.ui.activity.AppLockRecommendedAppActivity } in package com.cleanmaster.mguard
[Maxim] // : debug, currentActivity is com.cleanmaster.applocklib.ui.activity.AppLockRecommendedAppActivity
[Maxim] RANDOM NUMBER mix= 0.14929223
[Maxim] random hit mix 
[Maxim] //  node:  id=com.cleanmaster.mguard:id/a0m, class=android.widget.RelativeLayout, bounds=Rect(0, 63 - 434, 194), isClickable=true
[Maxim] //  node:  id=com.cleanmaster.mguard:id/a48, class=android.widget.TextView, bounds=Rect(962, 63 - 1080, 194), isClickable=true
[Maxim] //  node:  id=null, class=android.widget.RelativeLayout, bounds=Rect(39, 510 - 1041, 668), isClickable=true
[Maxim] //  node:  id=null, class=android.widget.RelativeLayout, bounds=Rect(39, 669 - 1041, 827), isClickable=true
[Maxim] //  node:  id=null, class=android.widget.RelativeLayout, bounds=Rect(39, 828 - 1041, 986), isClickable=true
[Maxim] //  node:  id=null, class=android.widget.RelativeLayout, bounds=Rect(39, 987 - 1041, 1145), isClickable=true
[Maxim] //  node:  id=null, class=android.widget.RelativeLayout, bounds=Rect(39, 1146 - 1041, 1304), isClickable=true
[Maxim] //  node:  id=null, class=android.widget.RelativeLayout, bounds=Rect(39, 1305 - 1041, 1463), isClickable=true
[Maxim] //  node:  id=com.cleanmaster.mguard:id/a4c, class=android.widget.Button, bounds=Rect(39, 1624 - 1041, 1755), isClickable=true
[Maxim] // debug, clickable size is 9
[Maxim]  // Click: null, android.widget.RelativeLayout, Rect(39, 669 - 1041, 827)
[Maxim] // event13, 2018-04-22 19:16:48.775 
[Maxim] :Sending Touch (ACTION_DOWN): 0:(540.0,748.0) 
[Maxim] // event14, 2018-04-22 19:16:48.781 
[Maxim] :Sending Touch (ACTION_UP): 0:(540.0,748.0) 
[Maxim] // event15, 2018-04-22 19:16:48.786 
[Maxim] // Sleeping for 700 milliseconds
[Maxim] RANDOM NUMBER mix= 0.18509793
[Maxim] random hit mix 
[Maxim] //  node:  id=com.cleanmaster.mguard:id/a0m, class=android.widget.RelativeLayout, bounds=Rect(0, 63 - 434, 194), isClickable=true
[Maxim] //  node:  id=com.cleanmaster.mguard:id/a48, class=android.widget.TextView, bounds=Rect(962, 63 - 1080, 194), isClickable=true
[Maxim] //  node:  id=null, class=android.widget.RelativeLayout, bounds=Rect(39, 510 - 1041, 668), isClickable=true
[Maxim] //  node:  id=null, class=android.widget.RelativeLayout, bounds=Rect(39, 669 - 1041, 827), isClickable=true
[Maxim] //  node:  id=null, class=android.widget.RelativeLayout, bounds=Rect(39, 828 - 1041, 986), isClickable=true
[Maxim] //  node:  id=null, class=android.widget.RelativeLayout, bounds=Rect(39, 987 - 1041, 1145), isClickable=true
[Maxim] //  node:  id=null, class=android.widget.RelativeLayout, bounds=Rect(39, 1146 - 1041, 1304), isClickable=true
[Maxim] //  node:  id=null, class=android.widget.RelativeLayout, bounds=Rect(39, 1305 - 1041, 1463), isClickable=true
[Maxim] //  node:  id=null, class=android.widget.RelativeLayout, bounds=Rect(39, 1464 - 1041, 1622), isClickable=true
[Maxim] //  node:  id=null, class=android.widget.RelativeLayout, bounds=Rect(39, 1623 - 1041, 1624), isClickable=true
[Maxim] //  node:  id=com.cleanmaster.mguard:id/a4c, class=android.widget.Button, bounds=Rect(39, 1624 - 1041, 1755), isClickable=true
[Maxim] // debug, clickable size is 11
[Maxim]  // Click: null, android.widget.RelativeLayout, Rect(39, 987 - 1041, 1145)
[Maxim] // event15, 2018-04-22 19:16:50.424 
[Maxim] :Sending Touch (ACTION_DOWN): 0:(540.0,1066.0) 
[Maxim] // event16, 2018-04-22 19:16:50.429 
[Maxim] :Sending Touch (ACTION_UP): 0:(540.0,1066.0) 
[Maxim] // event17, 2018-04-22 19:16:50.439 
[Maxim] // Sleeping for 700 milliseconds
[Maxim] RANDOM NUMBER mix= 0.4693864
[Maxim] random hit mix 
[Maxim] //  node:  id=com.cleanmaster.mguard:id/a0m, class=android.widget.RelativeLayout, bounds=Rect(0, 63 - 434, 194), isClickable=true
[Maxim] //  node:  id=com.cleanmaster.mguard:id/a48, class=android.widget.TextView, bounds=Rect(962, 63 - 1080, 194), isClickable=true
[Maxim] //  node:  id=null, class=android.widget.RelativeLayout, bounds=Rect(39, 510 - 1041, 668), isClickable=true
[Maxim] //  node:  id=null, class=android.widget.RelativeLayout, bounds=Rect(39, 669 - 1041, 827), isClickable=true
[Maxim] //  node:  id=null, class=android.widget.RelativeLayout, bounds=Rect(39, 828 - 1041, 986), isClickable=true
[Maxim] //  node:  id=null, class=android.widget.RelativeLayout, bounds=Rect(39, 987 - 1041, 1145), isClickable=true
[Maxim] //  node:  id=null, class=android.widget.RelativeLayout, bounds=Rect(39, 1146 - 1041, 1304), isClickable=true
[Maxim] //  node:  id=null, class=android.widget.RelativeLayout, bounds=Rect(39, 1305 - 1041, 1463), isClickable=true
[Maxim] //  node:  id=null, class=android.widget.RelativeLayout, bounds=Rect(39, 1464 - 1041, 1622), isClickable=true
[Maxim] //  node:  id=null, class=android.widget.RelativeLayout, bounds=Rect(39, 1623 - 1041, 1624), isClickable=true
[Maxim] //  node:  id=com.cleanmaster.mguard:id/a4c, class=android.widget.Button, bounds=Rect(39, 1624 - 1041, 1755), isClickable=true
[Maxim] // debug, clickable size is 11
[Maxim]  // Click: com.cleanmaster.mguard:id/a4c, android.widget.Button, Rect(39, 1624 - 1041, 1755)
[Maxim] // event17, 2018-04-22 19:16:51.158 
[Maxim] :Sending Touch (ACTION_DOWN): 0:(540.0,1689.5) 
[Maxim] // event18, 2018-04-22 19:16:51.163 
[Maxim] :Sending Touch (ACTION_UP): 0:(540.0,1689.5) 
[Maxim] // event19, 2018-04-22 19:16:51.167 
[Maxim] // Sleeping for 700 milliseconds
[Maxim] // Allowing start of Intent { cmp=com.cleanmaster.mguard/com.cleanmaster.applocklib.ui.activity.AppLockPasswordActivity } in package com.cleanmaster.mguard
[Maxim] // : debug, currentActivity is com.cleanmaster.applocklib.ui.activity.AppLockPasswordActivity
[Maxim] RANDOM NUMBER mix= 0.2557506
[Maxim] random hit mix 
[Maxim] //  node:  id=com.cleanmaster.mguard:id/a0m, class=android.widget.RelativeLayout, bounds=Rect(0, 63 - 949, 194), isClickable=true
[Maxim] //  node:  id=com.cleanmaster.mguard:id/a_2, class=android.view.View, bounds=Rect(447, 428 - 591, 572), isClickable=true
[Maxim] //  node:  id=com.cleanmaster.mguard:id/a1g, class=android.view.View, bounds=Rect(74, 706 - 1005, 1637), isClickable=true
[Maxim] //  node:  id=com.cleanmaster.mguard:id/a1h, class=android.widget.TextView, bounds=Rect(39, 1637 - 1041, 1781), isClickable=true
[Maxim] // debug, clickable size is 4
[Maxim]  // Click: com.cleanmaster.mguard:id/a1h, android.widget.TextView, Rect(39, 1637 - 1041, 1781)
[Maxim] // event19, 2018-04-22 19:16:51.906 
[Maxim] :Sending Touch (ACTION_DOWN): 0:(540.0,1709.0) 
[Maxim] // event20, 2018-04-22 19:16:51.909 
[Maxim] :Sending Touch (ACTION_UP): 0:(540.0,1709.0) 
[Maxim] // event21, 2018-04-22 19:16:51.914 
[Maxim] // Sleeping for 700 milliseconds
[Maxim] RANDOM NUMBER mix= 0.46688062
[Maxim] random hit mix 
[Maxim] //  node:  id=com.cleanmaster.mguard:id/a0m, class=android.widget.RelativeLayout, bounds=Rect(0, 63 - 949, 194), isClickable=true
[Maxim] //  node:  id=com.cleanmaster.mguard:id/a9h, class=android.widget.RelativeLayout, bounds=Rect(68, 764 - 382, 970), isClickable=true
[Maxim] //  node:  id=com.cleanmaster.mguard:id/a9i, class=android.widget.RelativeLayout, bounds=Rect(382, 764 - 697, 970), isClickable=true
[Maxim] //  node:  id=com.cleanmaster.mguard:id/a9j, class=android.widget.RelativeLayout, bounds=Rect(697, 764 - 1012, 970), isClickable=true
[Maxim] //  node:  id=com.cleanmaster.mguard:id/a9k, class=android.widget.RelativeLayout, bounds=Rect(68, 970 - 382, 1176), isClickable=true
[Maxim] //  node:  id=com.cleanmaster.mguard:id/a9l, class=android.widget.RelativeLayout, bounds=Rect(382, 970 - 697, 1176), isClickable=true
[Maxim] //  node:  id=com.cleanmaster.mguard:id/a9m, class=android.widget.RelativeLayout, bounds=Rect(697, 970 - 1012, 1176), isClickable=true
[Maxim] //  node:  id=com.cleanmaster.mguard:id/a9n, class=android.widget.RelativeLayout, bounds=Rect(68, 1176 - 382, 1383), isClickable=true
[Maxim] //  node:  id=com.cleanmaster.mguard:id/a9o, class=android.widget.RelativeLayout, bounds=Rect(382, 1176 - 697, 1383), isClickable=true
[Maxim] //  node:  id=com.cleanmaster.mguard:id/a9p, class=android.widget.RelativeLayout, bounds=Rect(697, 1176 - 1012, 1383), isClickable=true
[Maxim] //  node:  id=com.cleanmaster.mguard:id/a9q, class=android.widget.RelativeLayout, bounds=Rect(382, 1383 - 697, 1590), isClickable=true
[Maxim] //  node:  id=com.cleanmaster.mguard:id/a9r, class=android.widget.RelativeLayout, bounds=Rect(697, 1383 - 1012, 1590), isClickable=true
[Maxim] //  node:  id=com.cleanmaster.mguard:id/a1h, class=android.widget.TextView, bounds=Rect(39, 1637 - 1041, 1781), isClickable=true
[Maxim] // debug, clickable size is 13
[Maxim]  // Click: com.cleanmaster.mguard:id/a9p, android.widget.RelativeLayout, Rect(697, 1176 - 1012, 1383)
[Maxim] // event21, 2018-04-22 19:16:52.647 
[Maxim] :Sending Touch (ACTION_DOWN): 0:(854.5,1279.5) 
[Maxim] // event22, 2018-04-22 19:16:52.652 
[Maxim] :Sending Touch (ACTION_UP): 0:(854.5,1279.5) 
[Maxim] // event23, 2018-04-22 19:16:52.654 
[Maxim] // Sleeping for 700 milliseconds
[Maxim] RANDOM NUMBER mix= 0.7174621
[Maxim] RANDOM NUMBER other= 0.15518719
[Maxim] random hit motion 
[Maxim] // debug, in pointer event: mBlackWidgets is {}
[Maxim] start fix 2018-04-22 19:16:53.358 
[Maxim]   // PointF(146.0, 1353.0)
[Maxim] over fix event 2018-04-22 19:16:53.358 
[Maxim] // event23, 2018-04-22 19:16:53.369 
[Maxim] :Sending Touch (ACTION_DOWN): 0:(146.0,1353.0) 
[Maxim] // event24, 2018-04-22 19:16:53.374 
[Maxim] :Sending Touch (ACTION_MOVE): 0:(137.51042,1352.9603) 
[Maxim] // event25, 2018-04-22 19:16:53.377 
[Maxim] :Sending Touch (ACTION_MOVE): 0:(116.72748,1352.5132) 
[Maxim] // event26, 2018-04-22 19:16:53.379 
[Maxim] :Sending Touch (ACTION_MOVE): 0:(104.81279,1351.8457) 
[Maxim] // event27, 2018-04-22 19:16:53.381 
[Maxim] :Sending Touch (ACTION_MOVE): 0:(88.223946,1350.7468) 
[Maxim] // event28, 2018-04-22 19:16:53.383 
[Maxim] :Sending Touch (ACTION_MOVE): 0:(81.89867,1349.5034) 
[Maxim] // event29, 2018-04-22 19:16:53.385 
[Maxim] :Sending Touch (ACTION_MOVE): 0:(66.24367,1348.1791) 
[Maxim] // event30, 2018-04-22 19:16:53.388 
[Maxim] :Sending Touch (ACTION_MOVE): 0:(65.649506,1347.794) 
[Maxim] // event31, 2018-04-22 19:16:53.390 
[Maxim] :Sending Touch (ACTION_MOVE): 0:(51.247784,1347.4073) 
[Maxim] // event32, 2018-04-22 19:16:53.392 
[Maxim] :Sending Touch (ACTION_MOVE): 0:(48.0577,1346.1178) 
[Maxim] // event33, 2018-04-22 19:16:53.395 
[Maxim] :Sending Touch (ACTION_UP): 0:(31.284523,1345.512) 
[Maxim] // event34, 2018-04-22 19:16:53.401 
[Maxim] // Sleeping for 700 milliseconds
[Maxim] RANDOM NUMBER mix= 0.34508187
[Maxim] random hit mix 
[Maxim] //  node:  id=com.cleanmaster.mguard:id/a0m, class=android.widget.RelativeLayout, bounds=Rect(0, 63 - 949, 194), isClickable=true
[Maxim] //  node:  id=com.cleanmaster.mguard:id/a9h, class=android.widget.RelativeLayout, bounds=Rect(68, 764 - 382, 970), isClickable=true
[Maxim] //  node:  id=com.cleanmaster.mguard:id/a9i, class=android.widget.RelativeLayout, bounds=Rect(382, 764 - 697, 970), isClickable=true
[Maxim] //  node:  id=com.cleanmaster.mguard:id/a9j, class=android.widget.RelativeLayout, bounds=Rect(697, 764 - 1012, 970), isClickable=true
[Maxim] //  node:  id=com.cleanmaster.mguard:id/a9k, class=android.widget.RelativeLayout, bounds=Rect(68, 970 - 382, 1176), isClickable=true
[Maxim] //  node:  id=com.cleanmaster.mguard:id/a9l, class=android.widget.RelativeLayout, bounds=Rect(382, 970 - 697, 1176), isClickable=true
[Maxim] //  node:  id=com.cleanmaster.mguard:id/a9m, class=android.widget.RelativeLayout, bounds=Rect(697, 970 - 1012, 1176), isClickable=true
[Maxim] //  node:  id=com.cleanmaster.mguard:id/a9n, class=android.widget.RelativeLayout, bounds=Rect(68, 1176 - 382, 1383), isClickable=true
[Maxim] //  node:  id=com.cleanmaster.mguard:id/a9o, class=android.widget.RelativeLayout, bounds=Rect(382, 1176 - 697, 1383), isClickable=true
[Maxim] //  node:  id=com.cleanmaster.mguard:id/a9p, class=android.widget.RelativeLayout, bounds=Rect(697, 1176 - 1012, 1383), isClickable=true
[Maxim] //  node:  id=com.cleanmaster.mguard:id/a9q, class=android.widget.RelativeLayout, bounds=Rect(382, 1383 - 697, 1590), isClickable=true
[Maxim] //  node:  id=com.cleanmaster.mguard:id/a9r, class=android.widget.RelativeLayout, bounds=Rect(697, 1383 - 1012, 1590), isClickable=true
[Maxim] //  node:  id=com.cleanmaster.mguard:id/a1i, class=android.widget.TextView, bounds=Rect(39, 1637 - 1041, 1781), isClickable=true
[Maxim] // debug, clickable size is 13
[Maxim]  // Click: com.cleanmaster.mguard:id/a9i, android.widget.RelativeLayout, Rect(382, 764 - 697, 970)
[Maxim] // event34, 2018-04-22 19:16:54.139 
[Maxim] :Sending Touch (ACTION_DOWN): 0:(539.5,867.0) 
[Maxim] // event35, 2018-04-22 19:16:54.143 
[Maxim] :Sending Touch (ACTION_UP): 0:(539.5,867.0) 
[Maxim] // event36, 2018-04-22 19:16:54.149 
[Maxim] // Sleeping for 700 milliseconds
[Maxim] RANDOM NUMBER mix= 0.27380854
[Maxim] random hit mix 
[Maxim] //  node:  id=com.cleanmaster.mguard:id/a0m, class=android.widget.RelativeLayout, bounds=Rect(0, 63 - 949, 194), isClickable=true
[Maxim] //  node:  id=com.cleanmaster.mguard:id/a9h, class=android.widget.RelativeLayout, bounds=Rect(68, 764 - 382, 970), isClickable=true
[Maxim] //  node:  id=com.cleanmaster.mguard:id/a9i, class=android.widget.RelativeLayout, bounds=Rect(382, 764 - 697, 970), isClickable=true
[Maxim] //  node:  id=com.cleanmaster.mguard:id/a9j, class=android.widget.RelativeLayout, bounds=Rect(697, 764 - 1012, 970), isClickable=true
[Maxim] //  node:  id=com.cleanmaster.mguard:id/a9k, class=android.widget.RelativeLayout, bounds=Rect(68, 970 - 382, 1176), isClickable=true
[Maxim] //  node:  id=com.cleanmaster.mguard:id/a9l, class=android.widget.RelativeLayout, bounds=Rect(382, 970 - 697, 1176), isClickable=true
[Maxim] //  node:  id=com.cleanmaster.mguard:id/a9m, class=android.widget.RelativeLayout, bounds=Rect(697, 970 - 1012, 1176), isClickable=true
[Maxim] //  node:  id=com.cleanmaster.mguard:id/a9n, class=android.widget.RelativeLayout, bounds=Rect(68, 1176 - 382, 1383), isClickable=true
[Maxim] //  node:  id=com.cleanmaster.mguard:id/a9o, class=android.widget.RelativeLayout, bounds=Rect(382, 1176 - 697, 1383), isClickable=true
[Maxim] //  node:  id=com.cleanmaster.mguard:id/a9p, class=android.widget.RelativeLayout, bounds=Rect(697, 1176 - 1012, 1383), isClickable=true
[Maxim] //  node:  id=com.cleanmaster.mguard:id/a9q, class=android.widget.RelativeLayout, bounds=Rect(382, 1383 - 697, 1590), isClickable=true
[Maxim] //  node:  id=com.cleanmaster.mguard:id/a9r, class=android.widget.RelativeLayout, bounds=Rect(697, 1383 - 1012, 1590), isClickable=true
[Maxim] //  node:  id=com.cleanmaster.mguard:id/a1i, class=android.widget.TextView, bounds=Rect(39, 1637 - 1041, 1781), isClickable=true
[Maxim] // debug, clickable size is 13
[Maxim]  // Click: com.cleanmaster.mguard:id/a9k, android.widget.RelativeLayout, Rect(68, 970 - 382, 1176)
[Maxim] // event36, 2018-04-22 19:16:54.866 
[Maxim] :Sending Touch (ACTION_DOWN): 0:(225.0,1073.0) 
[Maxim] // event37, 2018-04-22 19:16:54.869 
[Maxim] :Sending Touch (ACTION_UP): 0:(225.0,1073.0) 
[Maxim] // event38, 2018-04-22 19:16:54.873 
[Maxim] // Sleeping for 700 milliseconds
[Maxim] RANDOM NUMBER mix= 0.6419426
[Maxim] random hit mix 
[Maxim] //  node:  id=com.cleanmaster.mguard:id/a0m, class=android.widget.RelativeLayout, bounds=Rect(0, 63 - 949, 194), isClickable=true
[Maxim] //  node:  id=com.cleanmaster.mguard:id/a9h, class=android.widget.RelativeLayout, bounds=Rect(68, 764 - 382, 970), isClickable=true
[Maxim] //  node:  id=com.cleanmaster.mguard:id/a9i, class=android.widget.RelativeLayout, bounds=Rect(382, 764 - 697, 970), isClickable=true
[Maxim] //  node:  id=com.cleanmaster.mguard:id/a9j, class=android.widget.RelativeLayout, bounds=Rect(697, 764 - 1012, 970), isClickable=true
[Maxim] //  node:  id=com.cleanmaster.mguard:id/a9k, class=android.widget.RelativeLayout, bounds=Rect(68, 970 - 382, 1176), isClickable=true
[Maxim] //  node:  id=com.cleanmaster.mguard:id/a9l, class=android.widget.RelativeLayout, bounds=Rect(382, 970 - 697, 1176), isClickable=true
[Maxim] //  node:  id=com.cleanmaster.mguard:id/a9m, class=android.widget.RelativeLayout, bounds=Rect(697, 970 - 1012, 1176), isClickable=true
[Maxim] //  node:  id=com.cleanmaster.mguard:id/a9n, class=android.widget.RelativeLayout, bounds=Rect(68, 1176 - 382, 1383), isClickable=true
[Maxim] //  node:  id=com.cleanmaster.mguard:id/a9o, class=android.widget.RelativeLayout, bounds=Rect(382, 1176 - 697, 1383), isClickable=true
[Maxim] //  node:  id=com.cleanmaster.mguard:id/a9p, class=android.widget.RelativeLayout, bounds=Rect(697, 1176 - 1012, 1383), isClickable=true
[Maxim] //  node:  id=com.cleanmaster.mguard:id/a9q, class=android.widget.RelativeLayout, bounds=Rect(382, 1383 - 697, 1590), isClickable=true
[Maxim] //  node:  id=com.cleanmaster.mguard:id/a9r, class=android.widget.RelativeLayout, bounds=Rect(697, 1383 - 1012, 1590), isClickable=true
[Maxim] //  node:  id=com.cleanmaster.mguard:id/a1i, class=android.widget.TextView, bounds=Rect(39, 1637 - 1041, 1781), isClickable=true
[Maxim] // debug, clickable size is 13
[Maxim]  // Click: com.cleanmaster.mguard:id/a9r, android.widget.RelativeLayout, Rect(697, 1383 - 1012, 1590)
[Maxim] // event38, 2018-04-22 19:16:55.591 
[Maxim] :Sending Touch (ACTION_DOWN): 0:(854.5,1486.5) 
[Maxim] // event39, 2018-04-22 19:16:55.596 
[Maxim] :Sending Touch (ACTION_UP): 0:(854.5,1486.5) 
[Maxim] // event40, 2018-04-22 19:16:55.599 
[Maxim] // Sleeping for 700 milliseconds
[Maxim] RANDOM NUMBER mix= 0.7235145
[Maxim] RANDOM NUMBER other= 0.0023412108
[Maxim] random hit touch 
[Maxim] // debug, in pointer event: mBlackWidgets is {}
[Maxim] start fix 2018-04-22 19:16:56.303 
[Maxim]   // PointF(742.0, 1298.0)
[Maxim] over fix event 2018-04-22 19:16:56.304 
[Maxim] // event40, 2018-04-22 19:16:56.305 
[Maxim] :Sending Touch (ACTION_DOWN): 0:(742.0,1298.0) 
[Maxim] // event41, 2018-04-22 19:16:56.309 
[Maxim] :Sending Touch (ACTION_UP): 0:(749.30585,1286.144) 
[Maxim] // event42, 2018-04-22 19:16:56.317 
[Maxim] // Sleeping for 700 milliseconds
[Maxim] RANDOM NUMBER mix= 0.9959247
[Maxim] RANDOM NUMBER other= 0.1826278
[Maxim] random hit motion 
[Maxim] // debug, in pointer event: mBlackWidgets is {}
[Maxim] start fix 2018-04-22 19:16:57.023 
[Maxim]   // PointF(278.0, 477.0)
[Maxim] over fix event 2018-04-22 19:16:57.024 
[Maxim] // event42, 2018-04-22 19:16:57.026 
[Maxim] :Sending Touch (ACTION_DOWN): 0:(278.0,477.0) 
[Maxim] // event43, 2018-04-22 19:16:57.029 
[Maxim] :Sending Touch (ACTION_MOVE): 0:(278.1388,472.0879) 
[Maxim] // event44, 2018-04-22 19:16:57.032 
[Maxim] :Sending Touch (ACTION_UP): 0:(278.1494,471.14258) 
[Maxim] // event45, 2018-04-22 19:16:57.034 
[Maxim] // Sleeping for 700 milliseconds
