--------- beginning of system
03-19 22:35:26.356 D/ConnectivityService(17992): updateNetworkScore for NetworkAgentInfo [WIFI () - 101] to 56
03-19 22:35:29.373 D/ConnectivityService(17992): updateNetworkScore for NetworkAgentInfo [WIFI () - 101] to 60
--------- beginning of main
03-19 22:35:29.585 D/AndroidRuntime( 2096): >>>>>> START com.android.internal.os.RuntimeInit uid 2000 <<<<<<
03-19 22:35:29.589 D/AndroidRuntime( 2096): CheckJNI is OFF
03-19 22:35:29.624 D/ICU     ( 2096): No timezone override file found: /data/misc/zoneinfo/current/icu/icu_tzdata.dat
03-19 22:35:29.664 E/dex2oat ( 2126): Failed to create oat file: /data/dalvik-cache/arm/sdcard@monkey.jar@classes.dex: Permission denied
03-19 22:35:29.664 I/dex2oat ( 2126): dex2oat took 758.750us (threads: 4) 
03-19 22:35:29.666 W/art     ( 2096): Failed execv(/system/bin/dex2oat --runtime-arg -classpath --runtime-arg /sdcard/monkey.jar:/sdcard/framework.jar --instruction-set=arm --instruction-set-features=smp,div,atomic_ldrd_strd --runtime-arg -Xrelocate --boot-image=/system/framework/boot.art --runtime-arg -Xms64m --runtime-arg -Xmx512m --instruction-set-variant=krait --instruction-set-features=default --dex-file=/sdcard/monkey.jar --oat-file=/data/dalvik-cache/arm/sdcard@monkey.jar@classes.dex) because non-0 exit status
03-19 22:35:29.714 E/dex2oat ( 2128): Failed to create oat file: /data/dalvik-cache/arm/sdcard@framework.jar@classes.dex: Permission denied
03-19 22:35:29.714 I/dex2oat ( 2128): dex2oat took 759.270us (threads: 4) 
03-19 22:35:29.716 W/art     ( 2096): Failed execv(/system/bin/dex2oat --runtime-arg -classpath --runtime-arg /sdcard/monkey.jar:/sdcard/framework.jar --instruction-set=arm --instruction-set-features=smp,div,atomic_ldrd_strd --runtime-arg -Xrelocate --boot-image=/system/framework/boot.art --runtime-arg -Xms64m --runtime-arg -Xmx512m --instruction-set-variant=krait --instruction-set-features=default --dex-file=/sdcard/framework.jar --oat-file=/data/dalvik-cache/arm/sdcard@framework.jar@classes.dex) because non-0 exit status
03-19 22:35:29.788 I/Radio-JNI( 2096): register_android_hardware_Radio DONE
03-19 22:35:29.808 D/AndroidRuntime( 2096): Calling main entry tv.panda.test.monkey.Monkey
03-19 22:35:29.880 E/System  ( 2096): Unable to open zip file: /sdcard/framework.jar
03-19 22:35:29.881 E/System  ( 2096): java.util.zip.ZipException: Not a zip archive
03-19 22:35:29.881 E/System  ( 2096): 	at java.util.zip.ZipFile.readCentralDir(ZipFile.java:397)
03-19 22:35:29.881 E/System  ( 2096): 	at java.util.zip.ZipFile.<init>(ZipFile.java:175)
03-19 22:35:29.881 E/System  ( 2096): 	at java.util.zip.ZipFile.<init>(ZipFile.java:131)
03-19 22:35:29.881 E/System  ( 2096): 	at dalvik.system.DexPathList$Element.maybeInit(DexPathList.java:452)
03-19 22:35:29.881 E/System  ( 2096): 	at dalvik.system.DexPathList$Element.findResource(DexPathList.java:499)
03-19 22:35:29.881 E/System  ( 2096): 	at dalvik.system.DexPathList.findResources(DexPathList.java:378)
03-19 22:35:29.881 E/System  ( 2096): 	at dalvik.system.BaseDexClassLoader.findResources(BaseDexClassLoader.java:72)
03-19 22:35:29.881 E/System  ( 2096): 	at java.lang.ClassLoader.getResources(ClassLoader.java:425)
03-19 22:35:29.881 E/System  ( 2096): 	at javax.xml.xpath.XPathFactoryFinder.createServiceFileIterator(XPathFactoryFinder.java:332)
03-19 22:35:29.881 E/System  ( 2096): 	at javax.xml.xpath.XPathFactoryFinder._newFactory(XPathFactoryFinder.java:200)
03-19 22:35:29.881 E/System  ( 2096): 	at javax.xml.xpath.XPathFactoryFinder.newFactory(XPathFactoryFinder.java:147)
03-19 22:35:29.881 E/System  ( 2096): 	at javax.xml.xpath.XPathFactory.newInstance(XPathFactory.java:148)
03-19 22:35:29.881 E/System  ( 2096): 	at javax.xml.xpath.XPathFactory.newInstance(XPathFactory.java:69)
03-19 22:35:29.881 E/System  ( 2096): 	at tv.panda.test.monkey.ape.model.XPathBuilder.<init>(XPathBuilder.kt:8)
03-19 22:35:29.881 E/System  ( 2096): 	at tv.panda.test.monkey.ape.model.XPathBuilder.<clinit>(XPathBuilder.kt:7)
03-19 22:35:29.881 E/System  ( 2096): 	at tv.panda.test.monkey.ape.model.BlackWidgetReader.build(BlackWidgetReader.kt:21)
03-19 22:35:29.881 E/System  ( 2096): 	at tv.panda.test.monkey.ape.model.BlackWidgetReader.read(BlackWidgetReader.kt:65)
03-19 22:35:29.881 E/System  ( 2096): 	at tv.panda.test.monkey.ape.model.BlackWidgetController.<clinit>(BlackWidgetController.kt:30)
03-19 22:35:29.881 E/System  ( 2096): 	at tv.panda.test.monkey.Monkey.<init>(Monkey.kt:100)
03-19 22:35:29.881 E/System  ( 2096): 	at tv.panda.test.monkey.Monkey$Companion.main(Monkey.kt:1164)
03-19 22:35:29.881 E/System  ( 2096): 	at tv.panda.test.monkey.Monkey.main(Monkey.kt)
03-19 22:35:29.881 E/System  ( 2096): 	at com.android.internal.os.RuntimeInit.nativeFinishInit(Native Method)
03-19 22:35:29.881 E/System  ( 2096): 	at com.android.internal.os.RuntimeInit.main(RuntimeInit.java:251)
03-19 22:35:31.126 W/BroadcastQueue(17992): Skipping deliver [background] BroadcastRecord{84d3248 u-1 android.net.conn.CONNECTIVITY_CHANGE} to ReceiverList{9e088e1 2096 (unknown name)/2000/u-1 remote:a45203a}: process crashing
03-19 22:35:31.143 I/art     ( 2096): System.exit called, status: -4
03-19 22:35:31.143 I/AndroidRuntime( 2096): VM exiting with result code -4.
03-19 22:35:34.448 V/default_launcher(16909): checking defaut launcher....
03-19 22:35:38.864 D/CheetahPetMainScreenTip(16909): onPageBeginMoving: 
03-19 22:35:38.864 D/CheetahPetMainScreenTip(16909): onPageBeginMoving: 
03-19 22:35:38.864 D/CheetahPetMainScreenTip(16909): onPageBeginMoving: 
03-19 22:35:38.864 D/CheetahPetMainScreenTip(16909): onPageBeginMoving: 
03-19 22:35:39.037 E/point_info(16909): onFling x:-2374.653076	y:0.986018	 direction:0
03-19 22:35:39.040 D/CheetahPetMainScreenTip(16909): onPageBeginMoving: 
03-19 22:35:39.040 D/CheetahPetMainScreenTip(16909): onPageBeginMoving: 
03-19 22:35:39.040 D/CheetahPetMainScreenTip(16909): onPageBeginMoving: 
03-19 22:35:39.040 D/CheetahPetMainScreenTip(16909): onPageBeginMoving: 
