            ..                    ..:.
           ..t..     Maxim      .h..
            ..i..  . ....... .  ..si
              sandroidmonkeystreste
              .sttoolMaxim.thistool.
           .helpyoutofoundappcrash.thi
         ..stooluserandomordfsalgorithm:.
        .smonkeyMaxim machine gunmonkey..
      ..monkey,..,monkeymonkeym,..,onkeym.
      .onkeymon..keymon.keymonke..ymonkeym.
      ,onkeymonkeymonkeymonkeymonkeymon.key.
     .monkeymonkeymonkeymonkeymonkeymonkeym.
     .onkeymonkeymonkeythxforphdguxiaotian.:
     .anythingUcancontactpanda_zzaqq77227005
      .                                   . 
                                            
      .                                   . 
                                            
[Maxim] // Monkey: seed=1521761821550 count=1000



[Maxim] // Selecting main activities from category android.intent.category.LAUNCHER
[Maxim] // - Not Using main activity com.android.settings.Settings (from package com.android.settings
[Maxim] // - Not Using main activity com.google.android.apps.chrome.Main (from package com.android.chrome
[Maxim] // - Not Using main activity com.google.android.dialer.extensions.GoogleDialtactsActivity (from package com.google.android.dialer
[Maxim] // - Not Using main activity com.google.android.gm.ConversationListActivityGmail (from package com.google.android.gm
[Maxim] // - Not Using main activity com.android.music.activitymanagement.TopLevelActivity (from package com.google.android.music
[Maxim] // - Not Using main activity com.google.android.apps.docs.app.NewMainProxyActivity (from package com.google.android.apps.docs
[Maxim] // - Not Using main activity com.google.android.launcher.StubApp (from package com.google.android.launcher
[Maxim] // - Not Using main activity com.google.android.apps.messaging.ui.ConversationListActivity (from package com.google.android.apps.messaging
[Maxim] // - Not Using main activity com.android.deskclock.DeskClock (from package com.google.android.deskclock
[Maxim] // - Not Using main activity com.android.camera.CameraLauncher (from package com.google.android.GoogleCamera
[Maxim] // - Not Using main activity com.google.apps.dots.android.app.activity.CurrentsStartActivity (from package com.google.android.apps.magazines
[Maxim] // - Not Using main activity com.google.android.youtube.app.honeycomb.Shell$HomeActivity (from package com.google.android.youtube
[Maxim] // - Not Using main activity com.android.calendar.AllInOneActivity (from package com.google.android.calendar
[Maxim] // - Not Using main activity com.android.contacts.activities.PeopleActivity (from package com.google.android.contacts
[Maxim] // - Not Using main activity com.google.android.talk.SigningInActivity (from package com.google.android.talk
[Maxim] // - Not Using main activity com.android.vending.AssetBrowserActivity (from package com.android.vending
[Maxim] // - Not Using main activity com.google.android.youtube.videos.EntryPoint (from package com.google.android.videos
[Maxim] // - Not Using main activity com.google.android.apps.docs.app.NewMainProxyActivity (from package com.google.android.apps.docs.editors.docs
[Maxim] // - Not Using main activity com.google.android.apps.docs.app.NewMainProxyActivity (from package com.google.android.apps.docs.editors.slides
[Maxim] // - Not Using main activity com.google.android.apps.docs.app.NewMainProxyActivity (from package com.google.android.apps.docs.editors.sheets
[Maxim] // - Not Using main activity com.google.android.apps.photos.home.HomeActivity (from package com.google.android.apps.photos
[Maxim] // - Not Using main activity com.google.android.maps.MapsActivity (from package com.google.android.apps.maps
[Maxim] // - Not Using main activity com.android.providers.downloads.ui.DownloadList (from package com.android.providers.downloads.ui
[Maxim] // - Not Using main activity com.android.calculator2.Calculator (from package com.google.android.calculator
[Maxim] // - Not Using main activity com.google.android.keep.activities.BrowseActivity (from package com.google.android.keep
[Maxim] // - Not Using main activity com.google.android.apps.fitness.welcome.WelcomeActivity (from package com.google.android.apps.fitness
[Maxim] // - Not Using main activity com.google.android.googlequicksearchbox.VoiceSearchActivity (from package com.google.android.googlequicksearchbox
[Maxim] // - Not Using main activity com.google.android.googlequicksearchbox.SearchActivity (from package com.google.android.googlequicksearchbox
[Maxim] // - Not Using main activity com.google.android.apps.books.app.BooksActivity (from package com.google.android.apps.books
[Maxim] // - Not Using main activity com.google.android.gms.games.ui.destination.main.MainActivity (from package com.google.android.play.games
[Maxim] // - Not Using main activity com.google.android.apps.genie.geniewidget.activities.NewsActivity (from package com.google.android.apps.genie.geniewidget
[Maxim] // - Not Using main activity com.google.android.apps.plus.phone.HomeActivity (from package com.google.android.apps.plus
[Maxim] // - Not Using main activity io.appium.unlock.Unlock (from package io.appium.unlock
[Maxim] // - Not Using main activity io.appium.settings.Settings (from package io.appium.settings
[Maxim] // - Not Using main activity org.thisisafactory.simiasque.MyActivity_ (from package org.thisisafactory.simiasque
[Maxim] // - Not Using main activity com.cmcm.cmlive.activity.SplashActivity (from package com.cmcm.shorts
[Maxim] // - Not Using main activity com.ksmobile.launcher.SplashActivity (from package com.ksmobile.launcher
[Maxim] // - Not Using main activity com.cmcm.cmlive.activity.SplashActivity (from package com.cmcm.live
[Maxim] // Selecting main activities from category android.intent.category.MONKEY
[Maxim] // - Not Using main activity com.android.settings.Settings$RunningServicesActivity (from package com.android.settings
[Maxim] // - Not Using main activity com.android.settings.Settings$StorageUseActivity (from package com.android.settings
[Maxim] // - Not Using main activity com.google.android.launcher.StubApp (from package com.google.android.launcher
[Maxim] // - Not Using main activity com.google.android.launcher.GEL (from package com.google.android.googlequicksearchbox
[Maxim] // - Not Using main activity com.ksmobile.launcher.Launcher (from package com.ksmobile.launcher
[Maxim] // - Not Using main activity com.google.android.googlequicksearchbox.SearchActivity (from package com.google.android.googlequicksearchbox
