--------- beginning of main
03-19 22:33:46.187 D/AndroidRuntime( 1865): >>>>>> START com.android.internal.os.RuntimeInit uid 2000 <<<<<<
03-19 22:33:46.191 D/AndroidRuntime( 1865): CheckJNI is OFF
03-19 22:33:46.237 D/ICU     ( 1865): No timezone override file found: /data/misc/zoneinfo/current/icu/icu_tzdata.dat
03-19 22:33:46.285 E/dex2oat ( 1884): Failed to create oat file: /data/dalvik-cache/arm/sdcard@monkey.jar@classes.dex: Permission denied
03-19 22:33:46.285 I/dex2oat ( 1884): dex2oat took 589.427us (threads: 4) 
03-19 22:33:46.287 W/art     ( 1865): Failed execv(/system/bin/dex2oat --runtime-arg -classpath --runtime-arg /sdcard/monkey.jar:/sdcard/framework.jar --instruction-set=arm --instruction-set-features=smp,div,atomic_ldrd_strd --runtime-arg -Xrelocate --boot-image=/system/framework/boot.art --runtime-arg -Xms64m --runtime-arg -Xmx512m --instruction-set-variant=krait --instruction-set-features=default --dex-file=/sdcard/monkey.jar --oat-file=/data/dalvik-cache/arm/sdcard@monkey.jar@classes.dex) because non-0 exit status
03-19 22:33:46.333 E/dex2oat ( 1887): Failed to create oat file: /data/dalvik-cache/arm/sdcard@framework.jar@classes.dex: Permission denied
03-19 22:33:46.333 I/dex2oat ( 1887): dex2oat took 558.750us (threads: 4) 
03-19 22:33:46.336 W/art     ( 1865): Failed execv(/system/bin/dex2oat --runtime-arg -classpath --runtime-arg /sdcard/monkey.jar:/sdcard/framework.jar --instruction-set=arm --instruction-set-features=smp,div,atomic_ldrd_strd --runtime-arg -Xrelocate --boot-image=/system/framework/boot.art --runtime-arg -Xms64m --runtime-arg -Xmx512m --instruction-set-variant=krait --instruction-set-features=default --dex-file=/sdcard/framework.jar --oat-file=/data/dalvik-cache/arm/sdcard@framework.jar@classes.dex) because non-0 exit status
--------- beginning of system
03-19 22:33:46.402 D/ConnectivityService(17992): notifyType CAP_CHANGED for NetworkAgentInfo [WIFI () - 101]
03-19 22:33:46.432 I/Radio-JNI( 1865): register_android_hardware_Radio DONE
03-19 22:33:46.458 D/AndroidRuntime( 1865): Calling main entry tv.panda.test.monkey.Monkey
03-19 22:33:46.553 E/System  ( 1865): Unable to open zip file: /sdcard/framework.jar
03-19 22:33:46.557 E/System  ( 1865): java.util.zip.ZipException: Not a zip archive
03-19 22:33:46.557 E/System  ( 1865): 	at java.util.zip.ZipFile.readCentralDir(ZipFile.java:397)
03-19 22:33:46.557 E/System  ( 1865): 	at java.util.zip.ZipFile.<init>(ZipFile.java:175)
03-19 22:33:46.557 E/System  ( 1865): 	at java.util.zip.ZipFile.<init>(ZipFile.java:131)
03-19 22:33:46.557 E/System  ( 1865): 	at dalvik.system.DexPathList$Element.maybeInit(DexPathList.java:452)
03-19 22:33:46.557 E/System  ( 1865): 	at dalvik.system.DexPathList$Element.findResource(DexPathList.java:499)
03-19 22:33:46.557 E/System  ( 1865): 	at dalvik.system.DexPathList.findResources(DexPathList.java:378)
03-19 22:33:46.557 E/System  ( 1865): 	at dalvik.system.BaseDexClassLoader.findResources(BaseDexClassLoader.java:72)
03-19 22:33:46.557 E/System  ( 1865): 	at java.lang.ClassLoader.getResources(ClassLoader.java:425)
03-19 22:33:46.557 E/System  ( 1865): 	at javax.xml.xpath.XPathFactoryFinder.createServiceFileIterator(XPathFactoryFinder.java:332)
03-19 22:33:46.557 E/System  ( 1865): 	at javax.xml.xpath.XPathFactoryFinder._newFactory(XPathFactoryFinder.java:200)
03-19 22:33:46.557 E/System  ( 1865): 	at javax.xml.xpath.XPathFactoryFinder.newFactory(XPathFactoryFinder.java:147)
03-19 22:33:46.557 E/System  ( 1865): 	at javax.xml.xpath.XPathFactory.newInstance(XPathFactory.java:148)
03-19 22:33:46.557 E/System  ( 1865): 	at javax.xml.xpath.XPathFactory.newInstance(XPathFactory.java:69)
03-19 22:33:46.557 E/System  ( 1865): 	at tv.panda.test.monkey.ape.model.XPathBuilder.<init>(XPathBuilder.kt:8)
03-19 22:33:46.557 E/System  ( 1865): 	at tv.panda.test.monkey.ape.model.XPathBuilder.<clinit>(XPathBuilder.kt:7)
03-19 22:33:46.557 E/System  ( 1865): 	at tv.panda.test.monkey.ape.model.BlackWidgetReader.build(BlackWidgetReader.kt:21)
03-19 22:33:46.557 E/System  ( 1865): 	at tv.panda.test.monkey.ape.model.BlackWidgetReader.read(BlackWidgetReader.kt:65)
03-19 22:33:46.557 E/System  ( 1865): 	at tv.panda.test.monkey.ape.model.BlackWidgetController.<clinit>(BlackWidgetController.kt:30)
03-19 22:33:46.557 E/System  ( 1865): 	at tv.panda.test.monkey.Monkey.<init>(Monkey.kt:100)
03-19 22:33:46.557 E/System  ( 1865): 	at tv.panda.test.monkey.Monkey$Companion.main(Monkey.kt:1164)
03-19 22:33:46.557 E/System  ( 1865): 	at tv.panda.test.monkey.Monkey.main(Monkey.kt)
03-19 22:33:46.557 E/System  ( 1865): 	at com.android.internal.os.RuntimeInit.nativeFinishInit(Native Method)
03-19 22:33:46.557 E/System  ( 1865): 	at com.android.internal.os.RuntimeInit.main(RuntimeInit.java:251)
03-19 22:33:47.953 W/BroadcastQueue(17992): Skipping deliver [background] BroadcastRecord{4d136c9 u-1 android.net.conn.CONNECTIVITY_CHANGE} to ReceiverList{43bc1ce 1865 (unknown name)/2000/u-1 remote:f380693}: process crashing
03-19 22:33:47.978 I/art     ( 1865): System.exit called, status: -4
03-19 22:33:47.978 I/AndroidRuntime( 1865): VM exiting with result code -4.
03-19 22:33:49.374 V/default_launcher(16909): checking defaut launcher....
